2014-02-04T02:17:49.041030+01:00		sql	0.000217	1:(localhost) SELECT * FROM thread; ()
2014-02-04T02:17:52.175478+01:00		sql	0.000197	1:(localhost) SELECT * FROM thread; ()
2014-02-04T02:17:52.632365+01:00		sql	0.000196	1:(localhost) SELECT * FROM thread; ()
2014-02-04T02:17:53.080277+01:00		sql	0.000214	1:(localhost) SELECT * FROM thread; ()
2014-02-04T02:17:53.688343+01:00		sql	0.000203	1:(localhost) SELECT * FROM thread; ()
2014-02-04T02:21:13.331465+01:00		sql	0.000208	1:(localhost) SELECT * FROM thread; ()
2014-02-04T02:32:52.172386+01:00		sql	0.000202	1:(localhost) SELECT * FROM thread; ()
2014-02-04T02:32:54.183478+01:00		sql	0.000264	1:(localhost) SELECT * FROM thread WHERE id = ?; (1)
2014-02-04T02:32:54.183944+01:00		sql	0.000249	2:(localhost) SELECT * FROM comment WHERE thread_id = ? ORDER BY created ASC; (1)
2014-02-04T02:33:25.087349+01:00		sql	0.000248	1:(localhost) SELECT * FROM thread WHERE id = ?; (2)
2014-02-04T02:33:25.087789+01:00		sql	0.000206	2:(localhost) SELECT * FROM comment WHERE thread_id = ? ORDER BY created ASC; (2)
2014-02-04T02:33:27.606792+01:00		sql	0.000245	1:(localhost) SELECT * FROM thread WHERE id = ?; (3)
2014-02-04T02:33:27.607263+01:00		sql	0.000232	2:(localhost) SELECT * FROM comment WHERE thread_id = ? ORDER BY created ASC; (3)
2014-02-04T02:33:30.311273+01:00		sql	0.000234	1:(localhost) SELECT * FROM thread WHERE id = ?; (1)
2014-02-04T02:33:30.311746+01:00		sql	0.000241	2:(localhost) SELECT * FROM comment WHERE thread_id = ? ORDER BY created ASC; (1)
2014-02-04T02:52:06.172735+01:00		sql	0.000209	1:(localhost) SELECT * FROM thread; ()
2014-02-04T02:52:07.635780+01:00		sql	0.000247	1:(localhost) SELECT * FROM thread WHERE id = ?; (1)
2014-02-04T02:52:07.636230+01:00		sql	0.000229	2:(localhost) SELECT * FROM comment WHERE thread_id = ? ORDER BY created ASC; (1)
2014-02-04T02:52:27.183324+01:00		sql	0.000157	1:(localhost) SELECT * FROM thread WHERE id = ?; (1)
2014-02-04T02:52:27.266498+01:00		sql	0.082947	2:(localhost) INSERT INTO comment SET thread_id = ?, username = ?, body = ?, created = NOW(); (1, Jake, Finn!)
2014-02-04T02:52:48.847976+01:00		sql	0.000253	1:(localhost) SELECT * FROM thread WHERE id = ?; (1)
2014-02-04T02:52:48.932320+01:00		sql	0.084073	2:(localhost) INSERT INTO comment SET thread_id = ?, username = ?, body = ?, created = NOW(); (1, Jake, Finn!)
2014-02-04T02:52:54.776591+01:00		sql	0.000192	1:(localhost) SELECT * FROM thread; ()
2014-02-04T02:52:56.147176+01:00		sql	0.000227	1:(localhost) SELECT * FROM thread WHERE id = ?; (1)
2014-02-04T02:52:56.147638+01:00		sql	0.000238	2:(localhost) SELECT * FROM comment WHERE thread_id = ? ORDER BY created ASC; (1)
2014-02-04T02:53:04.020604+01:00		sql	0.000235	1:(localhost) SELECT * FROM thread WHERE id = ?; (1)
2014-02-04T02:53:04.112062+01:00		sql	0.091103	2:(localhost) INSERT INTO comment SET thread_id = ?, username = ?, body = ?, created = NOW(); (1, Jake, Finn!
)
2014-02-04T02:59:02.387731+01:00		sql	0.000199	1:(localhost) SELECT * FROM thread; ()
2014-02-04T02:59:03.959539+01:00		sql	0.000246	1:(localhost) SELECT * FROM thread WHERE id = ?; (1)
2014-02-04T02:59:03.960008+01:00		sql	0.000248	2:(localhost) SELECT * FROM comment WHERE thread_id = ? ORDER BY created ASC; (1)
2014-02-04T02:59:13.046884+01:00		sql	0.000255	1:(localhost) SELECT * FROM thread WHERE id = ?; (1)
2014-02-04T02:59:13.130290+01:00		sql	0.083027	2:(localhost) INSERT INTO comment SET thread_id = ?, username = ?, body = ?, created = NOW(); (1, Jake, Finn!)
2014-02-04T02:59:15.911581+01:00		sql	0.000245	1:(localhost) SELECT * FROM thread WHERE id = ?; (1)
2014-02-04T02:59:15.912093+01:00		sql	0.000284	2:(localhost) SELECT * FROM comment WHERE thread_id = ? ORDER BY created ASC; (1)
2014-02-04T02:59:29.990769+01:00		sql	0.000240	1:(localhost) SELECT * FROM thread WHERE id = ?; (1)
2014-02-04T02:59:30.075008+01:00		sql	0.083804	2:(localhost) INSERT INTO comment SET thread_id = ?, username = ?, body = ?, created = NOW(); (1, Finn, Hey Jake. o/)
2014-02-04T02:59:31.508502+01:00		sql	0.000218	1:(localhost) SELECT * FROM thread WHERE id = ?; (1)
2014-02-04T02:59:31.508908+01:00		sql	0.000256	2:(localhost) SELECT * FROM comment WHERE thread_id = ? ORDER BY created ASC; (1)
2014-02-04T03:24:36.326439+01:00		sql	0.000164	1:(localhost) SELECT * FROM thread; ()
2014-02-04T03:24:38.312115+01:00		sql	0.000214	1:(localhost) SELECT * FROM thread WHERE id = ?; (1)
2014-02-04T03:24:38.312519+01:00		sql	0.000255	2:(localhost) SELECT * FROM comment WHERE thread_id = ? ORDER BY created ASC; (1)
2014-02-04T03:24:40.137258+01:00		sql	0.000214	1:(localhost) SELECT * FROM thread WHERE id = ?; (1)
2014-02-04T03:25:27.819244+01:00		sql	0.000200	1:(localhost) SELECT * FROM thread; ()
2014-02-04T03:25:30.078308+01:00		sql	0.000219	1:(localhost) SELECT * FROM thread WHERE id = ?; (1)
2014-02-04T03:25:30.078728+01:00		sql	0.000259	2:(localhost) SELECT * FROM comment WHERE thread_id = ? ORDER BY created ASC; (1)
2014-02-04T03:25:34.992753+01:00		sql	0.000209	1:(localhost) SELECT * FROM thread WHERE id = ?; (1)
2014-02-04T03:25:35.067006+01:00		sql	0.073815	2:(localhost) INSERT INTO comment SET thread_id = ?, username = ?, body = ?, created = NOW(); (1, asassa, asassa)
2014-02-04T03:25:36.551912+01:00		sql	0.000251	1:(localhost) SELECT * FROM thread WHERE id = ?; (1)
2014-02-04T03:25:36.552420+01:00		sql	0.000282	2:(localhost) SELECT * FROM comment WHERE thread_id = ? ORDER BY created ASC; (1)
2014-02-04T03:25:48.685886+01:00		sql	0.000149	1:(localhost) SELECT * FROM thread WHERE id = ?; (1)
2014-02-04T03:25:48.764826+01:00		sql	0.078649	2:(localhost) INSERT INTO comment SET thread_id = ?, username = ?, body = ?, created = NOW(); (1, s, s)
2014-02-04T03:25:50.111407+01:00		sql	0.000213	1:(localhost) SELECT * FROM thread WHERE id = ?; (1)
2014-02-04T03:25:50.111858+01:00		sql	0.000235	2:(localhost) SELECT * FROM comment WHERE thread_id = ? ORDER BY created ASC; (1)
2014-02-04T03:25:53.355136+01:00		sql	0.000231	1:(localhost) SELECT * FROM thread WHERE id = ?; (1)
2014-02-04T03:26:01.678155+01:00		sql	0.000244	1:(localhost) SELECT * FROM thread WHERE id = ?; (1)
2014-02-04T03:26:06.845932+01:00		sql	0.000239	1:(localhost) SELECT * FROM thread WHERE id = ?; (1)
2014-02-04T03:26:10.747295+01:00		sql	0.000204	1:(localhost) SELECT * FROM thread; ()
2014-02-04T03:26:12.327242+01:00		sql	0.000188	1:(localhost) SELECT * FROM thread WHERE id = ?; (1)
2014-02-04T03:26:12.327689+01:00		sql	0.000212	2:(localhost) SELECT * FROM comment WHERE thread_id = ? ORDER BY created ASC; (1)
2014-02-04T03:26:19.401864+01:00		sql	0.000206	1:(localhost) SELECT * FROM thread WHERE id = ?; (1)
2014-02-04T03:26:22.772495+01:00		sql	0.000158	1:(localhost) SELECT * FROM thread WHERE id = ?; (1)
2014-02-04T03:26:28.102611+01:00		sql	0.000254	1:(localhost) SELECT * FROM thread WHERE id = ?; (1)
2014-02-04T03:26:35.126293+01:00		sql	0.000215	1:(localhost) SELECT * FROM thread; ()
2014-02-04T03:26:36.735207+01:00		sql	0.000234	1:(localhost) SELECT * FROM thread WHERE id = ?; (2)
2014-02-04T03:26:36.735637+01:00		sql	0.000206	2:(localhost) SELECT * FROM comment WHERE thread_id = ? ORDER BY created ASC; (2)
2014-02-04T03:26:39.560720+01:00		sql	0.000243	1:(localhost) SELECT * FROM thread WHERE id = ?; (2)
2014-02-04T03:26:39.644631+01:00		sql	0.083447	2:(localhost) INSERT INTO comment SET thread_id = ?, username = ?, body = ?, created = NOW(); (2, asassa, a)
2014-02-04T03:26:40.974654+01:00		sql	0.000220	1:(localhost) SELECT * FROM thread WHERE id = ?; (2)
2014-02-04T03:26:40.975087+01:00		sql	0.000217	2:(localhost) SELECT * FROM comment WHERE thread_id = ? ORDER BY created ASC; (2)
2014-02-04T03:26:43.937049+01:00		sql	0.000226	1:(localhost) SELECT * FROM thread WHERE id = ?; (2)
2014-02-04T03:26:48.603020+01:00		sql	0.000237	1:(localhost) SELECT * FROM thread WHERE id = ?; (2)
2014-02-04T03:26:57.160518+01:00		sql	0.000197	1:(localhost) SELECT * FROM thread; ()
2014-02-04T03:26:58.598806+01:00		sql	0.000246	1:(localhost) SELECT * FROM thread WHERE id = ?; (2)
2014-02-04T03:26:58.599248+01:00		sql	0.000221	2:(localhost) SELECT * FROM comment WHERE thread_id = ? ORDER BY created ASC; (2)
2014-02-04T03:27:01.108033+01:00		sql	0.000156	1:(localhost) SELECT * FROM thread WHERE id = ?; (2)
2014-02-04T03:27:01.205246+01:00		sql	0.096939	2:(localhost) INSERT INTO comment SET thread_id = ?, username = ?, body = ?, created = NOW(); (2, as, as)
2014-02-04T03:27:02.246644+01:00		sql	0.000241	1:(localhost) SELECT * FROM thread WHERE id = ?; (2)
2014-02-04T03:27:02.247136+01:00		sql	0.000256	2:(localhost) SELECT * FROM comment WHERE thread_id = ? ORDER BY created ASC; (2)
2014-02-04T03:27:05.234410+01:00		sql	0.000270	1:(localhost) SELECT * FROM thread WHERE id = ?; (2)
2014-02-04T03:27:05.344284+01:00		sql	0.109419	2:(localhost) INSERT INTO comment SET thread_id = ?, username = ?, body = ?, created = NOW(); (2, awe, awe)
2014-02-04T03:27:06.510171+01:00		sql	0.000233	1:(localhost) SELECT * FROM thread WHERE id = ?; (2)
2014-02-04T03:27:06.510628+01:00		sql	0.000237	2:(localhost) SELECT * FROM comment WHERE thread_id = ? ORDER BY created ASC; (2)
2014-02-04T03:27:08.769081+01:00		sql	0.000207	1:(localhost) SELECT * FROM thread WHERE id = ?; (2)
2014-02-04T03:27:13.055487+01:00		sql	0.000224	1:(localhost) SELECT * FROM thread WHERE id = ?; (2)
2014-02-04T03:27:15.682014+01:00		sql	0.000214	1:(localhost) SELECT * FROM thread WHERE id = ?; (2)
2014-02-04T03:27:17.620554+01:00		sql	0.000182	1:(localhost) SELECT * FROM thread WHERE id = ?; (2)
2014-02-04T03:27:21.200435+01:00		sql	0.000236	1:(localhost) SELECT * FROM thread WHERE id = ?; (2)
2014-02-04T03:27:23.073944+01:00		sql	0.000222	1:(localhost) SELECT * FROM thread WHERE id = ?; (2)
2014-02-04T03:27:26.921049+01:00		sql	0.000261	1:(localhost) SELECT * FROM thread WHERE id = ?; (2)
2014-02-04T03:27:30.476587+01:00		sql	0.000178	1:(localhost) SELECT * FROM thread WHERE id = ?; (2)
2014-02-04T03:27:36.529454+01:00		sql	0.000207	1:(localhost) SELECT * FROM thread; ()
2014-02-04T03:27:38.238534+01:00		sql	0.000235	1:(localhost) SELECT * FROM thread WHERE id = ?; (3)
2014-02-04T03:27:38.238953+01:00		sql	0.000203	2:(localhost) SELECT * FROM comment WHERE thread_id = ? ORDER BY created ASC; (3)
2014-02-04T03:27:39.209775+01:00		sql	0.000267	1:(localhost) SELECT * FROM thread WHERE id = ?; (3)
2014-02-04T03:27:42.318413+01:00		sql	0.000221	1:(localhost) SELECT * FROM thread WHERE id = ?; (3)
2014-02-04T03:27:45.939842+01:00		sql	0.000243	1:(localhost) SELECT * FROM thread WHERE id = ?; (3)
2014-02-04T03:28:01.090260+01:00		sql	0.000237	1:(localhost) SELECT * FROM thread WHERE id = ?; (3)
2014-02-04T03:28:01.168852+01:00		sql	0.078159	2:(localhost) INSERT INTO comment SET thread_id = ?, username = ?, body = ?, created = NOW(); (3, Test, Test Validation complete)
2014-02-04T03:28:02.654202+01:00		sql	0.000237	1:(localhost) SELECT * FROM thread WHERE id = ?; (3)
2014-02-04T03:28:02.654643+01:00		sql	0.000220	2:(localhost) SELECT * FROM comment WHERE thread_id = ? ORDER BY created ASC; (3)
2014-02-04T03:37:25.340052+01:00		sql	0.000128	1:(localhost) SELECT * FROM thread; ()
2014-02-04T03:37:26.928236+01:00		sql	0.000224	1:(localhost) SELECT * FROM thread WHERE id = ?; (1)
2014-02-04T03:37:26.928714+01:00		sql	0.000264	2:(localhost) SELECT * FROM comment WHERE thread_id = ? ORDER BY created ASC; (1)
2014-02-04T03:37:35.739687+01:00		sql	0.000286	1:(localhost) SELECT * FROM thread WHERE id = ?; (1)
2014-02-04T03:37:38.698701+01:00		sql	0.000192	1:(localhost) SELECT * FROM thread WHERE id = ?; (1)
2014-02-04T03:37:42.957093+01:00		sql	0.000240	1:(localhost) SELECT * FROM thread WHERE id = ?; (1)
2014-02-04T03:37:52.907809+01:00		sql	0.000253	1:(localhost) SELECT * FROM thread WHERE id = ?; (1)
2014-02-04T03:37:52.970302+01:00		sql	0.062023	2:(localhost) INSERT INTO comment SET thread_id = ?, username = ?, body = ?, created = NOW(); (1, Test, test complete
)
2014-02-04T03:37:55.112080+01:00		sql	0.000228	1:(localhost) SELECT * FROM thread WHERE id = ?; (1)
2014-02-04T03:37:55.112484+01:00		sql	0.000255	2:(localhost) SELECT * FROM comment WHERE thread_id = ? ORDER BY created ASC; (1)
2014-02-04T04:16:03.637963+01:00		sql	0.000167	1:(localhost) SELECT * FROM thread; ()
2014-02-04T04:19:32.427010+01:00		sql	0.000000	1:(localhost) BEGIN; ()
2014-02-04T04:27:57.308874+01:00		sql	0.000210	1:(localhost) SELECT * FROM thread; ()
2014-02-04T04:28:58.314202+01:00		sql	0.000000	1:(localhost) BEGIN; ()
2014-02-04T04:32:09.174993+01:00		sql	0.000205	1:(localhost) SELECT * FROM thread; ()
2014-02-04T04:32:32.987429+01:00		sql	0.000000	1:(localhost) BEGIN; ()
2014-02-04T04:32:32.987829+01:00		sql	0.000203	2:(localhost) INSERT INTO thread SET title = ?, created = NOW(); (New thread for testing)
2014-02-04T04:32:32.988057+01:00		sql	0.000093	3:(localhost) INSERT INTO comment SET thread_id = ?, username = ?, body = ?, created = NOW(); (4, Catbug, Validation check!
Range check!
Submit check!)
2014-02-04T04:32:33.065788+01:00		sql	0.000093	4:(localhost) COMMIT; ()
2014-02-04T04:32:34.922671+01:00		sql	0.000216	1:(localhost) SELECT * FROM thread WHERE id = ?; (4)
2014-02-04T04:32:34.923022+01:00		sql	0.000203	2:(localhost) SELECT * FROM comment WHERE thread_id = ? ORDER BY created ASC; (4)
2014-02-04T04:32:47.750713+01:00		sql	0.000247	1:(localhost) SELECT * FROM thread WHERE id = ?; (4)
2014-02-04T04:32:47.804483+01:00		sql	0.053339	2:(localhost) INSERT INTO comment SET thread_id = ?, username = ?, body = ?, created = NOW(); (4, Catbug, I'm Catbug!)
2014-02-04T04:32:49.202059+01:00		sql	0.000229	1:(localhost) SELECT * FROM thread WHERE id = ?; (4)
2014-02-04T04:32:49.202515+01:00		sql	0.000236	2:(localhost) SELECT * FROM comment WHERE thread_id = ? ORDER BY created ASC; (4)
2014-02-04T05:15:43.485841+01:00		sql	0.000237	1:(localhost) SELECT * FROM thread WHERE id = ?; (4)
2014-02-04T05:15:43.486214+01:00		sql	0.000206	2:(localhost) SELECT * FROM comment WHERE thread_id = ? ORDER BY created ASC; (4)
2014-02-04T05:27:46.178844+01:00		sql	0.000205	1:(localhost) SELECT * FROM thread; ()
2014-02-04T08:46:42.749229+01:00		sql	0.000230	1:(localhost) SELECT * FROM thread; ()
2014-02-04T08:47:00.788178+01:00		sql	0.000000	1:(localhost) BEGIN; ()
2014-02-04T08:47:00.788475+01:00		sql	0.000176	2:(localhost) INSERT INTO thread SET title = ?, created = NOW(); (Thread 1)
2014-02-04T08:47:00.788666+01:00		sql	0.000078	3:(localhost) INSERT INTO comment SET thread_id = ?, username = ?, body = ?, created = NOW(); (1, Name 1, Comment 1)
2014-02-04T08:47:00.856860+01:00		sql	0.000078	4:(localhost) COMMIT; ()
2014-02-04T08:47:02.404547+01:00		sql	0.000277	1:(localhost) SELECT * FROM thread WHERE id = ?; (1)
2014-02-04T08:47:02.405019+01:00		sql	0.000261	2:(localhost) SELECT * FROM comment WHERE thread_id = ? ORDER BY created ASC; (1)
2014-02-04T08:47:10.284100+01:00		sql	0.000196	1:(localhost) SELECT * FROM thread; ()
2014-02-04T08:47:28.880654+01:00		sql	0.000000	1:(localhost) BEGIN; ()
2014-02-04T08:47:28.880986+01:00		sql	0.000194	2:(localhost) INSERT INTO thread SET title = ?, created = NOW(); (Thread 2)
2014-02-04T08:47:28.881518+01:00		sql	0.000143	3:(localhost) INSERT INTO comment SET thread_id = ?, username = ?, body = ?, created = NOW(); (2, Name 2, Comment 2)
2014-02-04T08:47:28.960717+01:00		sql	0.000143	4:(localhost) COMMIT; ()
2014-02-04T08:47:38.330177+01:00		sql	0.000196	1:(localhost) SELECT * FROM thread; ()
2014-02-04T08:47:51.027442+01:00		sql	0.000000	1:(localhost) BEGIN; ()
2014-02-04T08:47:51.027716+01:00		sql	0.000145	2:(localhost) INSERT INTO thread SET title = ?, created = NOW(); (Thread 3)
2014-02-04T08:47:51.027922+01:00		sql	0.000083	3:(localhost) INSERT INTO comment SET thread_id = ?, username = ?, body = ?, created = NOW(); (3, Name 3, Comment 3)
2014-02-04T08:47:51.110905+01:00		sql	0.000083	4:(localhost) COMMIT; ()
2014-02-04T08:48:07.535158+01:00		sql	0.000198	1:(localhost) SELECT * FROM thread; ()
2014-02-04T08:48:22.415484+01:00		sql	0.000000	1:(localhost) BEGIN; ()
2014-02-04T08:48:22.415849+01:00		sql	0.000200	2:(localhost) INSERT INTO thread SET title = ?, created = NOW(); (Thread 4)
2014-02-04T08:48:22.416195+01:00		sql	0.000161	3:(localhost) INSERT INTO comment SET thread_id = ?, username = ?, body = ?, created = NOW(); (4, Name 4, Comment 4)
2014-02-04T08:48:22.493344+01:00		sql	0.000161	4:(localhost) COMMIT; ()
2014-02-04T08:48:30.054577+01:00		sql	0.000187	1:(localhost) SELECT * FROM thread; ()
2014-02-04T08:48:43.408344+01:00		sql	0.000000	1:(localhost) BEGIN; ()
2014-02-04T08:48:43.408765+01:00		sql	0.000217	2:(localhost) INSERT INTO thread SET title = ?, created = NOW(); (Thread 5)
2014-02-04T08:48:43.409129+01:00		sql	0.000149	3:(localhost) INSERT INTO comment SET thread_id = ?, username = ?, body = ?, created = NOW(); (5, Name 5, Comment 5)
2014-02-04T08:48:43.470117+01:00		sql	0.000149	4:(localhost) COMMIT; ()
2014-02-04T08:48:47.495481+01:00		sql	0.000174	1:(localhost) SELECT * FROM thread; ()
2014-02-04T08:49:00.807515+01:00		sql	0.000000	1:(localhost) BEGIN; ()
2014-02-04T08:49:00.807910+01:00		sql	0.000194	2:(localhost) INSERT INTO thread SET title = ?, created = NOW(); (Thread 5)
2014-02-04T08:49:00.808297+01:00		sql	0.000161	3:(localhost) INSERT INTO comment SET thread_id = ?, username = ?, body = ?, created = NOW(); (6, Name 5, Comment 5)
2014-02-04T08:49:00.873933+01:00		sql	0.000161	4:(localhost) COMMIT; ()
2014-02-04T08:49:05.248665+01:00		sql	0.000205	1:(localhost) SELECT * FROM thread; ()
2014-02-04T08:49:08.099458+01:00		sql	0.000229	1:(localhost) SELECT * FROM thread WHERE id = ?; (6)
2014-02-04T08:49:08.099900+01:00		sql	0.000224	2:(localhost) SELECT * FROM comment WHERE thread_id = ? ORDER BY created ASC; (6)
2014-02-04T09:07:59.776668+01:00		sql	0.000218	1:(localhost) SELECT * FROM thread; ()
2014-02-04T09:08:02.048232+01:00		sql	0.000175	1:(localhost) SELECT * FROM thread WHERE id = ?; (8)
2014-02-04T09:08:02.048502+01:00		sql	0.000150	2:(localhost) SELECT * FROM comment WHERE thread_id = ? ORDER BY created ASC; (8)
2014-02-04T09:08:15.999782+01:00		sql	0.000164	1:(localhost) SELECT * FROM thread WHERE id = ?; (8)
2014-02-04T09:08:16.079653+01:00		sql	0.079596	2:(localhost) INSERT INTO comment SET thread_id = ?, username = ?, body = ?, created = NOW(); (8, Admin, No trash)
2014-02-04T09:08:17.632166+01:00		sql	0.000253	1:(localhost) SELECT * FROM thread WHERE id = ?; (8)
2014-02-04T09:08:17.632585+01:00		sql	0.000199	2:(localhost) SELECT * FROM comment WHERE thread_id = ? ORDER BY created ASC; (8)
2014-02-04T09:11:27.639184+01:00		sql	0.000246	1:(localhost) SELECT * FROM thread; ()
2014-02-04T09:11:36.046993+01:00		sql	0.000286	1:(localhost) SELECT * FROM thread; ()
2014-02-04T09:15:10.833476+01:00		sql	0.000212	1:(localhost) SELECT * FROM thread; ()
2014-02-04T09:15:54.244218+01:00		sql	0.000248	1:(localhost) SELECT * FROM thread WHERE id = ?; (1)
2014-02-04T09:15:54.244702+01:00		sql	0.000234	2:(localhost) SELECT * FROM comment WHERE thread_id = ? ORDER BY created ASC; (1)
2014-02-04T09:16:08.091962+01:00		sql	0.000232	1:(localhost) SELECT * FROM thread WHERE id = ?; (1)
2014-02-04T09:16:08.092426+01:00		sql	0.000217	2:(localhost) SELECT * FROM comment WHERE thread_id = ? ORDER BY created ASC; (1)
2014-02-04T09:36:37.273067+01:00		sql	0.000139	1:(localhost) SELECT * FROM thread; ()
2014-02-04T09:36:46.402412+01:00		sql	0.000217	1:(localhost) SELECT * FROM thread; ()
2014-02-04T09:43:18.147322+01:00		sql	0.000231	1:(localhost) SELECT * FROM thread; ()
2014-02-04T09:43:33.130988+01:00		sql	0.000137	1:(localhost) SELECT * FROM thread; ()
2014-02-04T09:44:33.183557+01:00		sql	0.000207	1:(localhost) SELECT * FROM thread; ()
2014-02-04T09:51:28.926712+01:00		sql	0.000256	1:(localhost) SELECT * FROM thread; ()
2014-02-04T10:05:13.516222+01:00		sql	0.000225	1:(localhost) SELECT * FROM thread; ()
2014-02-04T10:13:35.537546+01:00		sql	0.000250	1:(localhost) SELECT * FROM thread WHERE id = ?; (1)
2014-02-04T10:13:35.538050+01:00		sql	0.000236	2:(localhost) SELECT * FROM comment WHERE thread_id = ? ORDER BY created ASC; (1)
2014-02-04T10:19:24.364016+01:00		sql	0.000220	1:(localhost) SELECT * FROM thread; ()
2014-02-04T10:19:27.016697+01:00		sql	0.000149	1:(localhost) SELECT * FROM thread; ()
2014-02-04T10:19:27.868705+01:00		sql	0.000219	1:(localhost) SELECT * FROM thread; ()
2014-02-04T10:19:28.300978+01:00		sql	0.000208	1:(localhost) SELECT * FROM thread; ()
2014-02-04T10:19:28.612536+01:00		sql	0.000242	1:(localhost) SELECT * FROM thread; ()
2014-02-04T10:19:28.844964+01:00		sql	0.000235	1:(localhost) SELECT * FROM thread; ()
2014-02-04T10:19:29.017998+01:00		sql	0.000213	1:(localhost) SELECT * FROM thread; ()
2014-02-04T10:19:29.216350+01:00		sql	0.000204	1:(localhost) SELECT * FROM thread; ()
2014-02-04T10:19:29.356797+01:00		sql	0.000210	1:(localhost) SELECT * FROM thread; ()
2014-02-04T10:19:29.566548+01:00		sql	0.000142	1:(localhost) SELECT * FROM thread; ()
2014-02-04T10:21:32.299764+01:00		sql	0.000256	1:(localhost) SELECT * FROM thread; ()
2014-02-04T10:23:26.651743+01:00		sql	0.000242	1:(localhost) SELECT * FROM thread; ()
2014-02-04T10:23:27.386723+01:00		sql	0.000207	1:(localhost) SELECT * FROM thread; ()
2014-02-04T10:23:28.178846+01:00		sql	0.000216	1:(localhost) SELECT * FROM thread; ()
2014-02-04T10:23:28.650354+01:00		sql	0.000213	1:(localhost) SELECT * FROM thread; ()
2014-02-04T10:23:28.946801+01:00		sql	0.000207	1:(localhost) SELECT * FROM thread; ()
2014-02-04T10:23:29.361603+01:00		sql	0.000236	1:(localhost) SELECT * FROM thread; ()
2014-02-04T10:23:31.378313+01:00		sql	0.000220	1:(localhost) SELECT * FROM thread WHERE id = ?; (1)
2014-02-04T10:23:31.378738+01:00		sql	0.000212	2:(localhost) SELECT * FROM comment WHERE thread_id = ? ORDER BY created ASC; (1)
2014-02-04T10:25:04.506471+01:00		sql	0.000253	1:(localhost) SELECT * FROM thread; ()
2014-02-04T10:25:21.599645+01:00		sql	0.000249	1:(localhost) SELECT * FROM thread; ()
2014-02-04T10:25:43.711693+01:00		sql	0.000214	1:(localhost) SELECT * FROM thread; ()
2014-02-04T10:25:45.193401+01:00		sql	0.000230	1:(localhost) SELECT * FROM thread WHERE id = ?; (4)
2014-02-04T10:25:45.193919+01:00		sql	0.000273	2:(localhost) SELECT * FROM comment WHERE thread_id = ? ORDER BY created ASC; (4)
2014-02-04T10:25:55.511019+01:00		sql	0.000212	1:(localhost) SELECT * FROM thread; ()
2014-02-04T10:26:18.857165+01:00		sql	0.000228	1:(localhost) SELECT * FROM thread WHERE id = ?; (1)
2014-02-04T10:26:18.857641+01:00		sql	0.000245	2:(localhost) SELECT * FROM comment WHERE thread_id = ? ORDER BY created ASC; (1)
2014-02-04T10:26:51.111026+01:00		sql	0.000204	1:(localhost) SELECT * FROM thread; ()
2014-02-04T10:27:10.072963+01:00		sql	0.000215	1:(localhost) SELECT * FROM thread; ()
2014-02-04T10:27:27.105261+01:00		sql	0.000228	1:(localhost) SELECT * FROM thread; ()
2014-02-04T10:28:12.904761+01:00		sql	0.000210	1:(localhost) SELECT * FROM thread; ()
2014-02-04T10:28:46.583024+01:00		sql	0.000238	1:(localhost) SELECT * FROM thread; ()
2014-02-06T01:40:53.843434+01:00		sql	0.059622	1:(localhost) SELECT * FROM thread; ()
2014-02-06T01:42:17.860968+01:00		sql	0.000225	1:(localhost) SELECT * FROM thread; ()
2014-02-06T01:42:34.924795+01:00		sql	0.000258	1:(localhost) SELECT * FROM thread; ()
2014-02-06T01:42:39.530710+01:00		sql	0.000212	1:(localhost) SELECT * FROM thread; ()
2014-02-06T01:42:48.915403+01:00		sql	0.000229	1:(localhost) SELECT * FROM thread; ()
2014-02-06T01:52:53.538280+01:00		sql	0.000256	1:(localhost) SELECT * FROM thread; ()
2014-02-06T01:52:57.777657+01:00		sql	0.000308	1:(localhost) SELECT * FROM thread WHERE id = ?; (1)
2014-02-06T01:52:57.833225+01:00		sql	0.055314	2:(localhost) SELECT * FROM comment WHERE thread_id = ? ORDER BY created ASC; (1)
2014-02-06T01:53:02.759172+01:00		sql	0.000226	1:(localhost) SELECT * FROM thread WHERE id = ?; (1)
2014-02-06T01:53:02.847100+01:00		sql	0.087492	2:(localhost) INSERT INTO comment SET thread_id = ?, username = ?, body = ?, created = NOW(); (1, asd, asd)
2014-02-06T01:53:04.468849+01:00		sql	0.000257	1:(localhost) SELECT * FROM thread WHERE id = ?; (1)
2014-02-06T01:53:04.469235+01:00		sql	0.000177	2:(localhost) SELECT * FROM comment WHERE thread_id = ? ORDER BY created ASC; (1)
2014-02-06T01:53:13.839618+01:00		sql	0.000144	1:(localhost) SELECT * FROM thread; ()
2014-02-06T01:53:23.696211+01:00		sql	0.000000	1:(localhost) BEGIN; ()
2014-02-06T01:53:23.696474+01:00		sql	0.000139	2:(localhost) INSERT INTO thread SET title = ?, created = NOW(); (asd)
2014-02-06T01:53:23.696661+01:00		sql	0.000073	3:(localhost) INSERT INTO comment SET thread_id = ?, username = ?, body = ?, created = NOW(); (9, asd, asd)
2014-02-06T01:53:23.758672+01:00		sql	0.000073	4:(localhost) COMMIT; ()
2014-02-06T01:53:25.111877+01:00		sql	0.000275	1:(localhost) SELECT * FROM thread WHERE id = ?; (9)
2014-02-06T01:53:25.112410+01:00		sql	0.000302	2:(localhost) SELECT * FROM comment WHERE thread_id = ? ORDER BY created ASC; (9)
2014-02-06T01:53:28.158045+01:00		sql	0.000130	1:(localhost) SELECT * FROM thread; ()
2014-02-06T01:54:57.743028+01:00		sql	0.000254	1:(localhost) SELECT * FROM thread; ()
2014-02-06T01:57:18.583917+01:00		sql	0.000132	1:(localhost) SELECT * FROM thread; ()
2014-02-06T02:42:50.333416+01:00		sql	0.000180	1:(localhost) SELECT * FROM thread; ()
2014-02-06T02:43:49.032527+01:00		sql	0.000195	1:(localhost) SELECT * FROM thread; ()
2014-02-06T02:44:53.842750+01:00		sql	0.000182	1:(localhost) SELECT * FROM thread; ()
2014-02-06T02:46:51.433335+01:00		sql	0.000175	1:(localhost) SELECT * FROM thread; ()
2014-02-06T02:47:06.739737+01:00		sql	0.000195	1:(localhost) SELECT * FROM thread; ()
2014-02-06T03:02:45.216365+01:00		sql	0.000195	1:(localhost) SELECT * FROM thread; ()
2014-02-06T03:05:27.998008+01:00		sql	0.000210	1:(localhost) SELECT * FROM thread; ()
2014-02-06T03:06:29.287724+01:00		sql	0.072047	1:(localhost) INSERT INTO user SET username = ?, password = ?; (testuser1, password1)
2014-02-06T03:07:33.565611+01:00		sql	0.000227	1:(localhost) SELECT * FROM thread; ()
2014-02-06T03:07:42.361827+01:00		sql	0.083357	1:(localhost) INSERT INTO user SET username = ?, password = ?; (testuser2, password2)
2014-02-06T03:08:27.747911+01:00		sql	0.000178	1:(localhost) SELECT * FROM thread; ()
2014-02-06T03:12:50.668692+01:00		sql	0.000178	1:(localhost) SELECT * FROM thread; ()
2014-02-06T03:13:44.344821+01:00		sql	0.000191	1:(localhost) SELECT * FROM thread; ()
2014-02-06T03:13:54.145668+01:00		sql	0.000281	1:(localhost) SELECT * FROM thread; ()
2014-02-06T03:14:08.011125+01:00		sql	0.000193	1:(localhost) SELECT * FROM thread; ()
2014-02-06T03:14:44.589318+01:00		sql	0.000187	1:(localhost) SELECT * FROM thread; ()
2014-02-06T03:14:54.347968+01:00		sql	0.000121	1:(localhost) SELECT * FROM thread; ()
2014-02-06T03:15:27.310231+01:00		sql	0.000252	1:(localhost) SELECT * FROM thread; ()
2014-02-06T03:15:41.993565+01:00		sql	0.076658	1:(localhost) INSERT INTO user SET username = ?, password = ?; (testuser3, password3)
2014-02-06T03:17:47.847129+01:00		sql	0.000192	1:(localhost) SELECT * FROM thread; ()
2014-02-06T03:18:07.383724+01:00		sql	0.058337	1:(localhost) INSERT INTO user SET username = ?, password = ?; (testuser4, password4)
2014-02-06T03:18:09.994863+01:00		sql	0.000194	1:(localhost) SELECT * FROM thread; ()
2014-02-06T03:22:41.769576+01:00		sql	0.000229	1:(localhost) SELECT * FROM thread; ()
2014-02-06T03:23:27.965459+01:00		sql	0.055326	1:(localhost) INSERT INTO user SET username = ?, password = ?; (testuser5, db0edd04aaac4506f7edab03ac855d56)
2014-02-06T03:23:33.017438+01:00		sql	0.000217	1:(localhost) SELECT * FROM thread; ()
2014-02-06T03:31:01.670752+01:00		sql	0.000182	1:(localhost) SELECT * FROM thread; ()
2014-02-06T03:31:10.597886+01:00		sql	0.061618	1:(localhost) INSERT INTO user SET username = ?, password = ?; (testuser1, 7c6a180b36896a0a8c02787eeafb0e4c)
2014-02-06T03:31:14.198193+01:00		sql	0.000226	1:(localhost) SELECT * FROM thread; ()
2014-02-06T04:41:48.506109+01:00		sql	0.000174	1:(localhost) SELECT * FROM thread; ()
2014-02-06T04:42:23.853219+01:00		sql	0.000226	1:(localhost) SELECT * FROM thread; ()
2014-02-06T05:00:40.936617+01:00		sql	0.000184	1:(localhost) SELECT * FROM thread; ()
2014-02-06T05:08:51.864914+01:00		sql	0.000185	1:(localhost) SELECT * FROM thread; ()
2014-02-06T05:09:11.723858+01:00		sql	0.000223	1:(localhost) SELECT * FROM thread; ()
2014-02-06T05:09:31.883287+01:00		sql	0.000198	1:(localhost) SELECT * FROM thread; ()
2014-02-06T05:12:34.942236+01:00		sql	0.000174	1:(localhost) SELECT * FROM thread; ()
2014-02-06T05:20:55.968066+01:00		sql	0.048282	1:(localhost) INSERT INTO user SET username = ?, password = ?; (testuser1, 7c6a180b36896a0a8c02787eeafb0e4c)
2014-02-06T05:20:58.454954+01:00		sql	0.000186	1:(localhost) SELECT * FROM thread; ()
2014-02-06T05:38:59.366594+01:00		sql	0.000116	1:(localhost) SELECT * FROM thread; ()
2014-02-06T05:47:20.858538+01:00		sql	0.000220	1:(localhost) SELECT * FROM user WHERE username = ? AND password = ?; (testuser1, 7c6a180b36896a0a8c02787eeafb0e4c)
2014-02-06T05:51:45.719956+01:00		sql	0.000176	1:(localhost) SELECT * FROM thread; ()
2014-02-06T05:51:57.416648+01:00		sql	0.053190	1:(localhost) INSERT INTO user (username, password) VALUES (?, ?); (testuser2, 6cb75f652a9b52798eb6cf2201057c73)
2014-02-06T06:33:54.688286+01:00		sql	0.000270	1:(localhost) SELECT * FROM thread; ()
2014-02-06T06:34:50.878822+01:00		sql	0.000181	1:(localhost) SELECT * FROM thread; ()
2014-02-06T06:34:57.908607+01:00		sql	0.000165	1:(localhost) SELECT * FROM user WHERE username = ? AND password = ?; (testuser1, 7c6a180b36896a0a8c02787eeafb0e4c)
2014-02-06T06:35:03.362137+01:00		sql	0.000230	1:(localhost) SELECT * FROM thread; ()
2014-02-06T06:36:23.240380+01:00		sql	0.000197	1:(localhost) SELECT * FROM thread; ()
2014-02-06T06:36:30.718568+01:00		sql	0.079184	1:(localhost) INSERT INTO user (username, password) VALUES (?, ?); (testuser3, 819b0643d6b89dc9b579fdfc9094f28e)
2014-02-06T06:38:37.613573+01:00		sql	0.000155	1:(localhost) SELECT * FROM thread; ()
2014-02-06T06:38:49.171706+01:00		sql	0.000269	1:(localhost) SELECT * FROM user WHERE username = ? AND password = ?; (testuser1, 7c6a180b36896a0a8c02787eeafb0e4c)
2014-02-06T06:38:55.836868+01:00		sql	0.000213	1:(localhost) SELECT * FROM thread; ()
2014-02-06T06:39:08.895956+01:00		sql	0.061848	1:(localhost) INSERT INTO user (username, password) VALUES (?, ?); (testuser4, 34cc93ece0ba9e3f6f235d4af979b16c)
2014-02-06T06:42:01.869641+01:00		sql	0.000189	1:(localhost) SELECT * FROM thread; ()
2014-02-06T06:42:12.312516+01:00		sql	0.000180	1:(localhost) SELECT * FROM user WHERE username = ? AND password = ?; (testuser1, 7c6a180b36896a0a8c02787eeafb0e4c)
2014-02-06T06:42:18.005064+01:00		sql	0.000180	1:(localhost) SELECT * FROM thread; ()
2014-02-06T06:43:04.305070+01:00		sql	0.068204	1:(localhost) INSERT INTO user (username, password) VALUES (?, ?); (testuser5, db0edd04aaac4506f7edab03ac855d56)
2014-02-06T06:52:51.200265+01:00		sql	0.000190	1:(localhost) SELECT * FROM thread; ()
2014-02-06T06:52:54.322687+01:00		sql	0.000241	1:(localhost) SELECT * FROM user WHERE username = ? AND password = ?; (, d41d8cd98f00b204e9800998ecf8427e)
2014-02-06T07:00:40.021662+01:00		sql	0.000196	1:(localhost) SELECT * FROM thread; ()
2014-02-06T07:00:46.684478+01:00		sql	0.000272	1:(localhost) SELECT * FROM user WHERE username = ? AND password = ?; (testuser1, 5f4dcc3b5aa765d61d8327deb882cf99)
2014-02-06T07:00:53.102670+01:00		sql	0.000310	1:(localhost) SELECT * FROM user WHERE username = ? AND password = ?; (testuser1, 7c6a180b36896a0a8c02787eeafb0e4c)
2014-02-06T07:00:55.794462+01:00		sql	0.000176	1:(localhost) SELECT * FROM thread; ()
2014-02-06T07:01:04.244390+01:00		sql	0.000263	1:(localhost) SELECT * FROM user WHERE username = ? AND password = ?; (, d41d8cd98f00b204e9800998ecf8427e)
2014-02-06T07:04:54.196773+01:00		sql	0.000270	1:(localhost) SELECT * FROM thread; ()
2014-02-06T07:16:19.025992+01:00		sql	0.000121	1:(localhost) SELECT * FROM thread; ()
2014-02-06T07:16:21.342593+01:00		sql	0.000222	1:(localhost) SELECT * FROM user WHERE username = ? AND password = ?; (, d41d8cd98f00b204e9800998ecf8427e)
2014-02-06T07:17:18.937183+01:00		sql	0.000238	1:(localhost) SELECT * FROM user WHERE username = ? AND password = ?; (, d41d8cd98f00b204e9800998ecf8427e)
2014-02-06T07:19:21.663552+01:00		sql	0.000266	1:(localhost) SELECT * FROM user WHERE username = ? AND password = ?; (, d41d8cd98f00b204e9800998ecf8427e)
2014-02-06T07:19:22.608066+01:00		sql	0.000265	1:(localhost) SELECT * FROM user WHERE username = ? AND password = ?; (, d41d8cd98f00b204e9800998ecf8427e)
2014-02-06T07:23:28.212389+01:00		sql	0.000277	1:(localhost) SELECT * FROM user WHERE username = ? AND password = ?; (, d41d8cd98f00b204e9800998ecf8427e)
2014-02-06T07:34:47.495331+01:00		sql	0.000202	1:(localhost) SELECT * FROM thread; ()
2014-02-06T07:36:45.531015+01:00		sql	0.000270	1:(localhost) SELECT * FROM user WHERE username = ? AND password = ?; (, d41d8cd98f00b204e9800998ecf8427e)
2014-02-06T07:43:08.846747+01:00		sql	0.000252	1:(localhost) SELECT * FROM user WHERE username = ? AND password = ?; (, d41d8cd98f00b204e9800998ecf8427e)
2014-02-06T07:43:12.925055+01:00		sql	0.000174	1:(localhost) SELECT * FROM user WHERE username = ? AND password = ?; (fdfd, d41d8cd98f00b204e9800998ecf8427e)
2014-02-06T07:43:34.211957+01:00		sql	0.000198	1:(localhost) SELECT * FROM user WHERE username = ? AND password = ?; (testuser1, 7c6a180b36896a0a8c02787eeafb0e4c)
2014-02-06T07:58:59.005889+01:00		sql	0.000179	1:(localhost) SELECT * FROM user WHERE username = ? AND password = ?; (, d41d8cd98f00b204e9800998ecf8427e)
2014-02-06T07:59:53.860810+01:00		sql	0.000178	1:(localhost) SELECT * FROM user WHERE username = ? AND password = ?; (testuser1, 7c6a180b36896a0a8c02787eeafb0e4c)
2014-02-06T08:08:52.340166+01:00		sql	0.000124	1:(localhost) SELECT * FROM thread; ()
2014-02-06T08:30:57.167144+01:00		sql	0.000142	1:(localhost) SELECT * FROM thread; ()
2014-02-06T08:31:09.976640+01:00		sql	0.000181	1:(localhost) SELECT * FROM thread; ()
2014-02-06T08:31:10.862027+01:00		sql	0.000177	1:(localhost) SELECT * FROM thread; ()
2014-02-06T08:46:51.172326+01:00		sql	0.000228	1:(localhost) SELECT * FROM thread; ()
2014-02-06T08:47:44.316930+01:00		sql	0.000220	1:(localhost) SELECT * FROM thread; ()
2014-02-06T08:47:46.160564+01:00		sql	0.000190	1:(localhost) SELECT * FROM thread; ()
2014-02-06T08:47:47.007771+01:00		sql	0.000190	1:(localhost) SELECT * FROM thread; ()
2014-02-06T08:47:47.743966+01:00		sql	0.000186	1:(localhost) SELECT * FROM thread; ()
2014-02-06T08:49:11.588387+01:00		sql	0.000228	1:(localhost) SELECT * FROM thread; ()
2014-02-06T08:50:27.029205+01:00		sql	0.000190	1:(localhost) SELECT * FROM thread; ()
2014-02-06T08:50:51.715407+01:00		sql	0.000256	1:(localhost) SELECT * FROM thread; ()
2014-02-06T08:50:58.877126+01:00		sql	0.000132	1:(localhost) SELECT * FROM thread; ()
2014-02-06T08:51:06.183968+01:00		sql	0.000149	1:(localhost) SELECT * FROM thread; ()
2014-02-06T08:53:53.789772+01:00		sql	0.000135	1:(localhost) SELECT * FROM thread; ()
2014-02-06T08:54:39.326227+01:00		sql	0.000188	1:(localhost) SELECT * FROM thread; ()
2014-02-06T08:54:43.797394+01:00		sql	0.000166	1:(localhost) SELECT * FROM thread; ()
2014-02-06T08:54:52.461308+01:00		sql	0.000283	1:(localhost) SELECT * FROM user WHERE username = ? AND password = ?; (testuser1, 7c6a180b36896a0a8c02787eeafb0e4c)
2014-02-06T08:54:55.696830+01:00		sql	0.000146	1:(localhost) SELECT * FROM thread; ()
2014-02-06T08:55:37.133209+01:00		sql	0.000224	1:(localhost) SELECT * FROM thread; ()
2014-02-06T08:56:44.253565+01:00		sql	0.000269	1:(localhost) SELECT * FROM user WHERE username = ? AND password = ?; (testuser1, 7c6a180b36896a0a8c02787eeafb0e4c)
2014-02-06T08:56:46.843655+01:00		sql	0.000183	1:(localhost) SELECT * FROM thread; ()
2014-02-06T09:01:16.552008+01:00		sql	0.000208	1:(localhost) SELECT * FROM thread; ()
2014-02-06T09:01:32.621032+01:00		sql	0.000182	1:(localhost) SELECT * FROM thread; ()
2014-02-06T09:02:03.377990+01:00		sql	0.000174	1:(localhost) SELECT * FROM thread; ()
2014-02-06T09:02:19.006000+01:00		sql	0.000150	1:(localhost) SELECT * FROM thread; ()
2014-02-06T09:02:30.449052+01:00		sql	0.000198	1:(localhost) SELECT * FROM thread; ()
2014-02-06T09:02:39.462671+01:00		sql	0.000224	1:(localhost) SELECT * FROM user WHERE username = ? AND password = ?; (testuser1, 7c6a180b36896a0a8c02787eeafb0e4c)
2014-02-06T09:02:41.915984+01:00		sql	0.000148	1:(localhost) SELECT * FROM thread; ()
2014-02-06T09:02:43.615917+01:00		sql	0.000209	1:(localhost) SELECT * FROM thread; ()
2014-02-06T09:02:46.212082+01:00		sql	0.000184	1:(localhost) SELECT * FROM thread; ()
2014-02-06T09:02:47.264150+01:00		sql	0.000215	1:(localhost) SELECT * FROM thread; ()
2014-02-06T09:11:05.933939+01:00		sql	0.000198	1:(localhost) SELECT * FROM thread; ()
2014-02-06T09:11:07.845109+01:00		sql	0.000191	1:(localhost) SELECT * FROM thread; ()
2014-02-06T09:11:09.708849+01:00		sql	0.000191	1:(localhost) SELECT * FROM thread; ()
2014-02-06T09:11:10.460846+01:00		sql	0.000226	1:(localhost) SELECT * FROM thread; ()
2014-02-06T09:11:10.672985+01:00		sql	0.000130	1:(localhost) SELECT * FROM thread; ()
2014-02-06T09:11:10.865862+01:00		sql	0.000141	1:(localhost) SELECT * FROM thread; ()
2014-02-06T09:11:11.065430+01:00		sql	0.000135	1:(localhost) SELECT * FROM thread; ()
2014-02-06T09:11:11.265302+01:00		sql	0.000122	1:(localhost) SELECT * FROM thread; ()
2014-02-06T09:11:11.440709+01:00		sql	0.000123	1:(localhost) SELECT * FROM thread; ()
2014-02-06T09:11:11.812613+01:00		sql	0.000179	1:(localhost) SELECT * FROM thread; ()
2014-02-06T09:11:12.222240+01:00		sql	0.000209	1:(localhost) SELECT * FROM thread; ()
2014-02-06T09:11:12.629399+01:00		sql	0.000212	1:(localhost) SELECT * FROM thread; ()
2014-02-06T09:11:12.816508+01:00		sql	0.000177	1:(localhost) SELECT * FROM thread; ()
2014-02-06T09:11:13.048741+01:00		sql	0.000111	1:(localhost) SELECT * FROM thread; ()
2014-02-06T09:11:13.950650+01:00		sql	0.000115	1:(localhost) SELECT * FROM thread; ()
2014-02-06T09:11:26.148611+01:00		sql	0.000190	1:(localhost) SELECT * FROM thread; ()
2014-02-06T09:11:28.293314+01:00		sql	0.000189	1:(localhost) SELECT * FROM thread; ()
2014-02-06T09:11:33.784408+01:00		sql	0.000161	1:(localhost) SELECT * FROM thread; ()
2014-02-06T09:11:40.082044+01:00		sql	0.000261	1:(localhost) SELECT * FROM user WHERE username = ? AND password = ?; (testuser1, 7c6a180b36896a0a8c02787eeafb0e4c)
2014-02-06T09:11:43.404748+01:00		sql	0.000190	1:(localhost) SELECT * FROM thread; ()
2014-02-06T09:11:45.860532+01:00		sql	0.000201	1:(localhost) SELECT * FROM thread; ()
2014-02-06T09:19:29.150940+01:00		sql	0.000186	1:(localhost) SELECT * FROM user WHERE username = ? AND password = ?; (testuser1, 86d0eb9b4f483c36fd48fca91211b5b1)
2014-02-06T09:20:14.996967+01:00		sql	0.000184	1:(localhost) SELECT * FROM thread; ()
2014-02-06T09:48:43.364441+01:00		sql	0.000200	1:(localhost) SELECT * FROM thread; ()
2014-02-06T09:50:18.803032+01:00		sql	0.000191	1:(localhost) SELECT * FROM thread; ()
2014-02-06T09:50:25.092077+01:00		sql	0.000270	1:(localhost) SELECT * FROM user WHERE username = ? AND password = ?; (testuser1, 7c6a180b36896a0a8c02787eeafb0e4c)
2014-02-06T09:50:27.614415+01:00		sql	0.000158	1:(localhost) SELECT * FROM thread; ()
2014-02-06T09:52:19.979333+01:00		sql	0.000127	1:(localhost) SELECT * FROM thread; ()
2014-02-06T09:54:17.298499+01:00		sql	0.000180	1:(localhost) SELECT * FROM thread; ()
2014-02-06T09:54:19.789328+01:00		sql	0.000185	1:(localhost) SELECT * FROM thread; ()
2014-02-06T09:54:25.897081+01:00		sql	0.000267	1:(localhost) SELECT * FROM user WHERE username = ? AND password = ?; (testuser1, 7c6a180b36896a0a8c02787eeafb0e4c)
2014-02-06T09:54:28.469189+01:00		sql	0.000218	1:(localhost) SELECT * FROM thread; ()
2014-02-06T09:54:30.017077+01:00		sql	0.000171	1:(localhost) SELECT * FROM thread; ()
2014-02-06T09:54:54.217147+01:00		sql	0.000320	1:(localhost) SELECT * FROM user WHERE username = ? AND password = ?; (testuser1, 7c6a180b36896a0a8c02787eeafb0e4c)
2014-02-06T09:54:56.877184+01:00		sql	0.000215	1:(localhost) SELECT * FROM thread; ()
2014-02-06T09:55:07.654518+01:00		sql	0.000268	1:(localhost) SELECT id FROM user WHERE username = ?; (testuser1)
2014-02-06T09:56:00.639737+01:00		sql	0.000177	1:(localhost) SELECT * FROM thread; ()
2014-02-06T09:56:08.406876+01:00		sql	0.000254	1:(localhost) SELECT id FROM user WHERE username = ?; (testuser1)
2014-02-06T09:56:08.407164+01:00		sql	0.000254	2:(localhost) BEGIN; ()
2014-02-06T09:57:12.126773+01:00		sql	0.000128	1:(localhost) SELECT * FROM thread; ()
2014-02-06T09:57:21.164897+01:00		sql	0.000238	1:(localhost) SELECT id FROM user WHERE username = ?; (testuser1)
2014-02-06T10:00:15.103879+01:00		sql	0.000119	1:(localhost) SELECT * FROM thread; ()
2014-02-06T10:00:27.449716+01:00		sql	0.000227	1:(localhost) SELECT id FROM user WHERE username = ?; (testuser1)
2014-02-06T10:00:27.450033+01:00		sql	0.000227	2:(localhost) BEGIN; ()
2014-02-06T10:04:22.916689+01:00		sql	0.000186	1:(localhost) SELECT * FROM thread; ()
2014-02-06T10:04:25.176911+01:00		sql	0.000188	1:(localhost) SELECT * FROM thread; ()
2014-02-06T10:04:31.462277+01:00		sql	0.000166	1:(localhost) SELECT * FROM user WHERE username = ? AND password = ?; (testuser1, 7c6a180b36896a0a8c02787eeafb0e4c)
2014-02-06T10:08:31.674298+01:00		sql	0.000191	1:(localhost) SELECT * FROM thread; ()
2014-02-06T10:08:37.501347+01:00		sql	0.000196	1:(localhost) SELECT * FROM user WHERE username = ? AND password = ?; (testuser1, 7c6a180b36896a0a8c02787eeafb0e4c)
2014-02-06T10:31:14.629718+01:00		sql	0.000171	1:(localhost) SELECT * FROM thread; ()
2014-02-06T10:31:51.094800+01:00		sql	0.093571	1:(localhost) INSERT INTO user (username, password) VALUES (?, ?); (testuser6, 218dd27aebeccecae69ad8408d9a36bf)
2014-02-06T10:32:03.719873+01:00		sql	0.000187	1:(localhost) SELECT * FROM thread; ()
2014-02-06T10:32:25.020526+01:00		sql	0.000283	1:(localhost) SELECT * FROM user WHERE username = ? AND password = ?; (ASDADAD, b0ef267efebef088a12a6f098d807b81)
2014-02-06T10:32:33.351522+01:00		sql	0.000194	1:(localhost) SELECT * FROM thread; ()
2014-02-06T10:32:41.387749+01:00		sql	0.000266	1:(localhost) SELECT * FROM user WHERE username = ? AND password = ?; (testuser1, 7c6a180b36896a0a8c02787eeafb0e4c)
2014-02-06T10:32:46.031419+01:00		sql	0.000189	1:(localhost) SELECT * FROM thread; ()
2014-02-07T01:39:55.915690+01:00		sql	0.042449	1:(localhost) SELECT * FROM thread; ()
2014-02-07T01:40:04.283259+01:00		sql	0.052787	1:(localhost) SELECT * FROM user WHERE username = ? AND password = ?; (testuser1, 7c6a180b36896a0a8c02787eeafb0e4c)
2014-02-07T01:40:06.177838+01:00		sql	0.000182	1:(localhost) SELECT * FROM thread; ()
2014-02-07T02:02:23.759457+01:00		sql	0.000223	1:(localhost) SELECT * FROM thread; ()
2014-02-07T02:02:34.431781+01:00		sql	0.000000	1:(localhost) BEGIN; ()
2014-02-07T02:02:34.432175+01:00		sql	0.000138	2:(localhost) SELECT id FROM user WHERE username = ?; (testuser1)
2014-02-07T02:02:34.432358+01:00		sql	0.000107	3:(localhost) INSERT INTO thread SET user_id = ?, title = ?, created = NOW(); (1, Sample1)
2014-02-07T02:02:34.432502+01:00		sql	0.000054	4:(localhost) SELECT id FROM user WHERE username = ?; (testuser1)
2014-02-07T02:02:34.527357+01:00		sql	0.094755	5:(localhost) INSERT INTO comment SET thread_id = ?, user_id = ?, body = ?, created = NOW(); (1, 1, Sample complete)
2014-02-07T02:02:34.593576+01:00		sql	0.094755	6:(localhost) COMMIT; ()
2014-02-07T02:02:35.902684+01:00		sql	0.000246	1:(localhost) SELECT * FROM thread WHERE id = ?; (1)
2014-02-07T02:02:35.903154+01:00		sql	0.000297	2:(localhost) SELECT * FROM comment WHERE thread_id = ? ORDER BY created ASC; (1)
2014-02-07T02:03:46.576189+01:00		sql	0.000246	1:(localhost) SELECT * FROM thread WHERE id = ?; (1)
2014-02-07T02:03:46.576632+01:00		sql	0.000185	2:(localhost) SELECT * FROM comment WHERE thread_id = ? ORDER BY created ASC; (1)
2014-02-07T02:14:39.677602+01:00		sql	0.000307	1:(localhost) SELECT * FROM thread WHERE id = ?; (1)
2014-02-07T02:14:39.678077+01:00		sql	0.000242	2:(localhost) SELECT comment.id, thread_id, user.username, body, created FROM comment
			INNER JOIN user ON comment.user_id = user.id
			WHERE thread_id = ? ORDER BY created ASC; (1)
2014-02-07T02:14:50.847698+01:00		sql	0.000279	1:(localhost) SELECT * FROM thread WHERE id = ?; (1)
2014-02-07T02:14:50.848465+01:00		sql	0.000188	2:(localhost) SELECT id FROM user WHERE username = ?; (testuser1)
2014-02-07T02:14:50.889117+01:00		sql	0.040470	3:(localhost) INSERT INTO comment SET thread_id = ?, user_id = ?, body = ?, created = NOW(); (1, 1, Sample 2 complete)
2014-02-07T02:14:52.231744+01:00		sql	0.000228	1:(localhost) SELECT * FROM thread WHERE id = ?; (1)
2014-02-07T02:14:52.232237+01:00		sql	0.000278	2:(localhost) SELECT comment.id, thread_id, user.username, body, created FROM comment
			INNER JOIN user ON comment.user_id = user.id
			WHERE thread_id = ? ORDER BY created ASC; (1)
2014-02-07T02:15:59.064993+01:00		sql	0.000161	1:(localhost) SELECT * FROM thread; ()
2014-02-07T02:16:01.369583+01:00		sql	0.000218	1:(localhost) SELECT * FROM thread WHERE id = ?; (1)
2014-02-07T02:16:01.370067+01:00		sql	0.000264	2:(localhost) SELECT comment.id, thread_id, user.username, body, created FROM comment
			INNER JOIN user ON comment.user_id = user.id
			WHERE thread_id = ? ORDER BY created ASC; (1)
2014-02-07T02:26:47.881056+01:00		sql	0.000240	1:(localhost) SELECT * FROM thread WHERE id = ?; (1)
2014-02-07T02:27:13.831519+01:00		sql	0.000225	1:(localhost) SELECT * FROM thread WHERE id = ?; ()
2014-02-07T02:27:15.398716+01:00		sql	0.000279	1:(localhost) SELECT * FROM thread WHERE id = ?; (1)
2014-02-07T02:27:15.399209+01:00		sql	0.000267	2:(localhost) SELECT comment.id, thread_id, user.username, body, created FROM comment
			INNER JOIN user ON comment.user_id = user.id
			WHERE thread_id = ? ORDER BY created ASC; (1)
2014-02-07T02:27:16.014434+01:00		sql	0.000229	1:(localhost) SELECT * FROM thread; ()
2014-02-07T02:27:17.686600+01:00		sql	0.000238	1:(localhost) SELECT * FROM thread WHERE id = ?; (1)
2014-02-07T02:27:17.687124+01:00		sql	0.000291	2:(localhost) SELECT comment.id, thread_id, user.username, body, created FROM comment
			INNER JOIN user ON comment.user_id = user.id
			WHERE thread_id = ? ORDER BY created ASC; (1)
2014-02-07T02:27:19.910289+01:00		sql	0.000216	1:(localhost) SELECT * FROM thread WHERE id = ?; (1)
2014-02-07T02:27:50.581414+01:00		sql	0.000209	1:(localhost) SELECT * FROM thread WHERE id = ?; (1)
2014-02-07T02:27:50.582254+01:00		sql	0.000162	2:(localhost) SELECT id FROM user WHERE username = ?; (testuser1)
2014-02-07T02:27:50.629915+01:00		sql	0.047472	3:(localhost) INSERT INTO comment SET thread_id = ?, user_id = ?, body = ?, created = NOW(); (1, 1, validation success)
2014-02-07T02:27:52.267111+01:00		sql	0.000241	1:(localhost) SELECT * FROM thread WHERE id = ?; (1)
2014-02-07T02:27:52.267637+01:00		sql	0.000296	2:(localhost) SELECT comment.id, thread_id, user.username, body, created FROM comment
			INNER JOIN user ON comment.user_id = user.id
			WHERE thread_id = ? ORDER BY created ASC; (1)
2014-02-07T02:28:38.089230+01:00		sql	0.000158	1:(localhost) SELECT * FROM thread; ()
2014-02-07T02:28:40.854005+01:00		sql	0.000202	1:(localhost) SELECT * FROM thread; ()
2014-02-07T02:28:50.341636+01:00		sql	0.000283	1:(localhost) SELECT * FROM user WHERE username = ? AND password = ?; (testuser2, 6cb75f652a9b52798eb6cf2201057c73)
2014-02-07T02:28:53.014848+01:00		sql	0.000214	1:(localhost) SELECT * FROM thread; ()
2014-02-07T02:28:53.921971+01:00		sql	0.000175	1:(localhost) SELECT * FROM thread WHERE id = ?; (1)
2014-02-07T02:28:53.922248+01:00		sql	0.000149	2:(localhost) SELECT comment.id, thread_id, user.username, body, created FROM comment
			INNER JOIN user ON comment.user_id = user.id
			WHERE thread_id = ? ORDER BY created ASC; (1)
2014-02-07T02:29:11.572506+01:00		sql	0.000246	1:(localhost) SELECT * FROM thread WHERE id = ?; (1)
2014-02-07T02:29:11.573288+01:00		sql	0.000137	2:(localhost) SELECT id FROM user WHERE username = ?; (testuser2)
2014-02-07T02:29:11.614132+01:00		sql	0.040658	3:(localhost) INSERT INTO comment SET thread_id = ?, user_id = ?, body = ?, created = NOW(); (1, 2, message sent!)
2014-02-07T02:29:12.872092+01:00		sql	0.000303	1:(localhost) SELECT * FROM thread WHERE id = ?; (1)
2014-02-07T02:29:12.872851+01:00		sql	0.000444	2:(localhost) SELECT comment.id, thread_id, user.username, body, created FROM comment
			INNER JOIN user ON comment.user_id = user.id
			WHERE thread_id = ? ORDER BY created ASC; (1)
2014-02-07T02:35:00.695629+01:00		sql	0.000154	1:(localhost) SELECT * FROM thread WHERE id = ?; (1)
2014-02-07T02:59:25.627709+01:00		sql	0.000163	1:(localhost) SELECT * FROM thread WHERE id = ?; (1)
2014-02-07T02:59:25.628206+01:00		sql	0.000117	2:(localhost) SELECT id FROM user WHERE username = ?; (testuser2)
2014-02-07T02:59:25.670895+01:00		sql	0.042565	3:(localhost) INSERT INTO comment SET thread_id = ?, user_id = ?, body = ?, created = NOW(); (1, 2, Commenting...)
2014-02-07T02:59:27.022037+01:00		sql	0.000165	1:(localhost) SELECT * FROM thread WHERE id = ?; (1)
2014-02-07T02:59:27.022443+01:00		sql	0.000230	2:(localhost) SELECT comment.id, thread_id, user.username, body, created FROM comment
			INNER JOIN user ON comment.user_id = user.id
			WHERE thread_id = ? ORDER BY created ASC; (1)
2014-02-07T03:11:14.283467+01:00		sql	0.000208	1:(localhost) SELECT * FROM thread; ()
2014-02-07T03:11:28.901789+01:00		sql	0.000236	1:(localhost) SELECT * FROM thread; ()
2014-02-07T03:12:32.296724+01:00		sql	0.000221	1:(localhost) SELECT * FROM user WHERE username = ? AND password = ?; (testuser3, 819b0643d6b89dc9b579fdfc9094f28e)
2014-02-07T03:12:35.632132+01:00		sql	0.000203	1:(localhost) SELECT * FROM thread; ()
2014-02-07T03:12:37.157306+01:00		sql	0.000126	1:(localhost) SELECT * FROM thread; ()
2014-02-07T03:12:38.787254+01:00		sql	0.000265	1:(localhost) SELECT * FROM user WHERE username = ? AND password = ?; (, d41d8cd98f00b204e9800998ecf8427e)
2014-02-07T03:13:57.363590+01:00		sql	0.000235	1:(localhost) SELECT * FROM user WHERE username = ? AND password = ?; (testuser3, 800c2b74ce20842562b6d0dca8d7018a)
2014-02-07T03:20:09.755763+01:00		sql	0.000244	1:(localhost) SELECT * FROM thread; ()
2014-02-07T03:20:50.701073+01:00		sql	0.000232	1:(localhost) SELECT * FROM user WHERE username = ? AND password = ?; (testuser5, db0edd04aaac4506f7edab03ac855d56)
2014-02-07T03:20:53.735975+01:00		sql	0.000134	1:(localhost) SELECT * FROM thread; ()
2014-02-07T03:20:54.749165+01:00		sql	0.000136	1:(localhost) SELECT * FROM thread WHERE id = ?; (1)
2014-02-07T03:20:54.749423+01:00		sql	0.000149	2:(localhost) SELECT comment.id, thread_id, user.username, body, created FROM comment
			INNER JOIN user ON comment.user_id = user.id
			WHERE thread_id = ? ORDER BY created ASC; (1)
2014-02-07T03:21:04.580138+01:00		sql	0.000216	1:(localhost) SELECT * FROM thread WHERE id = ?; (1)
2014-02-07T03:21:04.580843+01:00		sql	0.000125	2:(localhost) SELECT id FROM user WHERE username = ?; (testuser5)
2014-02-07T03:21:04.638148+01:00		sql	0.057144	3:(localhost) INSERT INTO comment SET thread_id = ?, user_id = ?, body = ?, created = NOW(); (1, 5, Bypass!!!! >:))
2014-02-07T03:21:05.725314+01:00		sql	0.000134	1:(localhost) SELECT * FROM thread WHERE id = ?; (1)
2014-02-07T03:21:05.725609+01:00		sql	0.000175	2:(localhost) SELECT comment.id, thread_id, user.username, body, created FROM comment
			INNER JOIN user ON comment.user_id = user.id
			WHERE thread_id = ? ORDER BY created ASC; (1)
